<?xml version="1.0" encoding="UTF-8"?>
<testng-results skipped="0" failed="0" ignored="0" total="1" passed="1">
  <reporter-output>
  </reporter-output>
  <suite name="Default suite" duration-ms="52632" started-at="2018-02-12T09:59:08Z" finished-at="2018-02-12T10:00:01Z">
    <groups>
    </groups>
    <test name="Default test" duration-ms="52632" started-at="2018-02-12T09:59:08Z" finished-at="2018-02-12T10:00:01Z">
      <class name="tests.IOSNativeTest">
        <test-method status="PASS" signature="init()[pri:0, instance:tests.IOSNativeTest@20322d26]" name="init" is-config="true" duration-ms="45950" started-at="2018-02-12T15:28:23Z" finished-at="2018-02-12T15:29:08Z">
          <reporter-output>
          </reporter-output>
        </test-method> <!-- init -->
        <test-method status="PASS" signature="methodOne()[pri:0, instance:tests.IOSNativeTest@20322d26]" name="methodOne" duration-ms="52612" started-at="2018-02-12T15:29:09Z" finished-at="2018-02-12T15:30:01Z">
          <reporter-output>
          </reporter-output>
        </test-method> <!-- methodOne -->
      </class> <!-- tests.IOSNativeTest -->
    </test> <!-- Default test -->
  </suite> <!-- Default suite -->
</testng-results>
